Arguments: 
  C:\Program Files\node.js\node.exe C:\Users\tom\AppData\Roaming\npm\node_modules\yarn\bin\yarn.js

PATH: 
  C:\Users\tom\AppData\Local\cloud-code\installer\google-cloud-sdk\bin;C:\Python310\Scripts\;C:\Python310\;C:\Python39\Scripts\;C:\Python39\;C:\Program Files\NVIDIA GPU Computing Toolkit\CUDA\v10.1\bin;C:\Program Files\NVIDIA GPU Computing Toolkit\CUDA\v10.1\libnvvp;C:\Program Files\NVIDIA GPU Computing Toolkit\CUDA\v10.2\bin;C:\Program Files\NVIDIA GPU Computing Toolkit\CUDA\v10.2\libnvvp;C:\windows\system32;C:\windows;C:\windows\System32\Wbem;C:\windows\System32\WindowsPowerShell\v1.0\;C:\windows\System32\OpenSSH\;C:\Program Files (x86)\NVIDIA Corporation\PhysX\Common;C:\Program Files\NVIDIA Corporation\NVIDIA NvDLISR;C:\Windows\system32;C:\Windows;C:\Windows\System32\Wbem;C:\Windows\System32\WindowsPowerShell\v1.0\;C:\Windows\System32\OpenSSH\;C:\Program Files\PuTTY\;C:\Program Files\Mu\bin;C:\Program Files\Git LFS;C:\Program Files\NVIDIA Corporation\Nsight Compute 2019.1\;C:\ProgramData\chocolatey\bin;C:\Program Files\CMake\bin;C:\Go\bin;C:\Program Files\Git\cmd;C:\Program Files\Docker\Docker\resources\bin;C:\ProgramData\DockerDesktop\version-bin;C:\Program Files (x86)\Google\Cloud SDK\google-cloud-sdk\bin;C:\Program Files\Microsoft VS Code\bin;C:\WINDOWS\system32;C:\WINDOWS;C:\WINDOWS\System32\Wbem;C:\WINDOWS\System32\WindowsPowerShell\v1.0\;C:\WINDOWS\System32\OpenSSH\;C:\Program Files\dotnet\;C:\Program Files\node.js\;C:\Program Files (x86)\HP\Common\HPDestPlgIn\;C:\Program Files (x86)\HP\IdrsOCR_15.4.1132.0\;C:\Users\tom\.local\share\solana\install\active_release\bin;C:\Users\tom\.cargo\bin;C:\Users\tom\AppData\Local\Microsoft\WindowsApps;C:\Users\tom\AppData\Local\Programs\Microsoft VS Code\bin;c:\users\tom\anaconda3\lib\site-packages;C:\Users\tom\go\bin;C:\Users\tom\AppData\Local\Google\Cloud SDK\google-cloud-sdk\bin;C:\Users\tom\AppData\Roaming\Python\Python38\Scripts;C:\Users\tom\.local\bin;C:\Users\tom\.dotnet\tools;C:\Users\tom\AppData\Local\GitHubDesktop\bin;C:\Program Files\IPFS Desktop\resources\app.asar.unpacked\src\ipfs-on-path\scripts\bin-win;C:\Users\tom\.dotnet\tools;C:\Users\tom\AppData\Local\Programs\toitware;C:\Users\tom\AppData\Roaming\npm;C:\Users\tom\AppData\Local\Microsoft\WindowsApps;;C:\Users\tom\.deno\bin;C:\Program Files\heroku\bin;C:\Program Files (x86)\HP\Common\HPDestPlgIn\

Yarn version: 
  1.22.19

Node version: 
  16.14.0

Platform: 
  win32 x64

Trace: 
  Error: EBUSY: resource busy or locked, lstat 'D:\DumpStack.log.tmp'

npm manifest: 
  {
    "name": "livemultiplayertutorial",
    "version": "1.0.0",
    "description": "",
    "main": "index.js",
    "scripts": {
      "start": "node index.js"
      
    },
    "author": "",
    "license": "ISC",
    "dependencies": {
      "@mikewesthad/dungeon": "^2.0.1",
      "@solana/spl-token": "^0.3.5",
      "@solana/wallet-adapter-base": "^0.9.17",
      "@solana/wallet-adapter-react": "^0.15.19",
      "@solana/wallet-adapter-react-ui": "^0.9.17",
      "@solana/wallet-adapter-wallets": "^0.18.10",
      "@solana/web3.js": "^1.62.0",
      "browserify": "^17.0.0",
      "defi": "file:../../..",
      "express": "^4.17.1",
      "install": "^0.13.0",
      "jquery": "~2.2.0",
      "node-uuid": "^1.4.7",
      "npm": "^8.19.2",
      "phaser": "^3.24.1",
      "reconnecting-websocket": "^4.4.0",
      "socket.io": "^3.0.3"
    }
  }

yarn manifest: 
  No manifest

Lockfile: 
  No lockfile
